Traceback (most recent call last):
  File "/Users/hoon/miniconda3/envs/chemcomp/lib/python3.10/site-packages/jupyter_cache/executors/utils.py", line 58, in single_nb_execution
    executenb(
  File "/Users/hoon/miniconda3/envs/chemcomp/lib/python3.10/site-packages/nbclient/client.py", line 1323, in execute
    return NotebookClient(nb=nb, resources=resources, km=km, **kwargs).execute()
  File "/Users/hoon/miniconda3/envs/chemcomp/lib/python3.10/site-packages/jupyter_core/utils/__init__.py", line 165, in wrapped
    return loop.run_until_complete(inner)
  File "/Users/hoon/miniconda3/envs/chemcomp/lib/python3.10/asyncio/base_events.py", line 649, in run_until_complete
    return future.result()
  File "/Users/hoon/miniconda3/envs/chemcomp/lib/python3.10/site-packages/nbclient/client.py", line 709, in async_execute
    await self.async_execute_cell(
  File "/Users/hoon/miniconda3/envs/chemcomp/lib/python3.10/site-packages/nbclient/client.py", line 1062, in async_execute_cell
    await self._check_raise_for_error(cell, cell_index, exec_reply)
  File "/Users/hoon/miniconda3/envs/chemcomp/lib/python3.10/site-packages/nbclient/client.py", line 918, in _check_raise_for_error
    raise CellExecutionError.from_cell_and_msg(cell, exec_reply_content)
nbclient.exceptions.CellExecutionError: An error occurred while executing the following cell:
------------------
# в”Ђв”Ђ Taylor partial sums: exp(x) and sin(x) в”Ђв”Ђв”Ђв”Ђв”Ђв”Ђв”Ђв”Ђв”Ђв”Ђв”Ђв”Ђв”Ђв”Ђв”Ђв”Ђв”Ђв”Ђв”Ђв”Ђв”Ђв”Ђв”Ђв”Ђв”Ђв”Ђв”Ђв”Ђв”Ђв”Ђв”Ђв”Ђв”Ђв”Ђ
x = np.linspace(-3, 3, 300)

fig, axes = plt.subplots(1, 2, figsize=(12, 4))

# -- exp(x) --
ax = axes[0]
ax.plot(x, np.exp(x), 'k-', linewidth=2.5, label='exact $e^x$')
approx = np.zeros_like(x)
for n in range(7):
    approx = approx + x**n / factorial(n)
    if n in [1, 2, 3, 5]:
        ax.plot(x, approx, linestyle='--', linewidth=1.5, label=f'{n+1} terms')
ax.set_ylim(-2, 15)
ax.set_xlabel('x')
ax.set_ylabel(r'$e^x$')
ax.set_title(r'Taylor series: $e^x$ around $x=0$')
ax.legend(fontsize=8)

# -- sin(x) --
ax = axes[1]
ax.plot(x, np.sin(x), 'k-', linewidth=2.5, label=r'exact $\sin x$')
approx = np.zeros_like(x)
for k in range(5):
    n      = 2*k + 1
    sign   = (-1)**k
    approx = approx + sign * x**n / factorial(n)
    if k in [0, 1, 2, 3]:
        ax.plot(x, approx, linestyle='--', linewidth=1.5, label=f'{k+1} term(s)')
ax.set_ylim(-2, 2)
ax.set_xlabel('x')
ax.set_ylabel(r'$\sin x$')
ax.set_title(r'Taylor series: $\sin x$ around $x=0$')
ax.legend(fontsize=8)

plt.tight_layout()
plt.show()
------------------


[0;31m---------------------------------------------------------------------------[0m
[0;31mNameError[0m                                 Traceback (most recent call last)
Cell [0;32mIn[13], line 11[0m
[1;32m      9[0m approx [38;5;241m=[39m np[38;5;241m.[39mzeros_like(x)
[1;32m     10[0m [38;5;28;01mfor[39;00m n [38;5;129;01min[39;00m [38;5;28mrange[39m([38;5;241m7[39m):
[0;32m---> 11[0m     approx [38;5;241m=[39m approx [38;5;241m+[39m x[38;5;241m*[39m[38;5;241m*[39mn [38;5;241m/[39m [43mfactorial[49m(n)
[1;32m     12[0m     [38;5;28;01mif[39;00m n [38;5;129;01min[39;00m [[38;5;241m1[39m, [38;5;241m2[39m, [38;5;241m3[39m, [38;5;241m5[39m]:
[1;32m     13[0m         ax[38;5;241m.[39mplot(x, approx, linestyle[38;5;241m=[39m[38;5;124m'[39m[38;5;124m--[39m[38;5;124m'[39m, linewidth[38;5;241m=[39m[38;5;241m1.5[39m, label[38;5;241m=[39m[38;5;124mf[39m[38;5;124m'[39m[38;5;132;01m{[39;00mn[38;5;241m+[39m[38;5;241m1[39m[38;5;132;01m}[39;00m[38;5;124m terms[39m[38;5;124m'[39m)

[0;31mNameError[0m: name 'factorial' is not defined

