Traceback (most recent call last):
  File "/Users/hoon/miniconda3/envs/chemcomp/lib/python3.10/site-packages/jupyter_cache/executors/utils.py", line 58, in single_nb_execution
    executenb(
  File "/Users/hoon/miniconda3/envs/chemcomp/lib/python3.10/site-packages/nbclient/client.py", line 1323, in execute
    return NotebookClient(nb=nb, resources=resources, km=km, **kwargs).execute()
  File "/Users/hoon/miniconda3/envs/chemcomp/lib/python3.10/site-packages/jupyter_core/utils/__init__.py", line 165, in wrapped
    return loop.run_until_complete(inner)
  File "/Users/hoon/miniconda3/envs/chemcomp/lib/python3.10/asyncio/base_events.py", line 649, in run_until_complete
    return future.result()
  File "/Users/hoon/miniconda3/envs/chemcomp/lib/python3.10/site-packages/nbclient/client.py", line 709, in async_execute
    await self.async_execute_cell(
  File "/Users/hoon/miniconda3/envs/chemcomp/lib/python3.10/site-packages/nbclient/client.py", line 1062, in async_execute_cell
    await self._check_raise_for_error(cell, cell_index, exec_reply)
  File "/Users/hoon/miniconda3/envs/chemcomp/lib/python3.10/site-packages/nbclient/client.py", line 918, in _check_raise_for_error
    raise CellExecutionError.from_cell_and_msg(cell, exec_reply_content)
nbclient.exceptions.CellExecutionError: An error occurred while executing the following cell:
------------------
t_pump = np.array([0,   2,   5,   8,   10,  13,  15 ])   # min
Q      = np.array([0, 3.1, 5.8, 6.4, 6.0, 4.2, 2.0])   # L/min

V_total = trapezoid(___, ___)

print(f"Total volume delivered: {V_total:.2f} L")
------------------


[0;31m---------------------------------------------------------------------------[0m
[0;31mIndexError[0m                                Traceback (most recent call last)
Cell [0;32mIn[4], line 4[0m
[1;32m      1[0m t_pump [38;5;241m=[39m np[38;5;241m.[39marray([[38;5;241m0[39m,   [38;5;241m2[39m,   [38;5;241m5[39m,   [38;5;241m8[39m,   [38;5;241m10[39m,  [38;5;241m13[39m,  [38;5;241m15[39m ])   [38;5;66;03m# min[39;00m
[1;32m      2[0m Q      [38;5;241m=[39m np[38;5;241m.[39marray([[38;5;241m0[39m, [38;5;241m3.1[39m, [38;5;241m5.8[39m, [38;5;241m6.4[39m, [38;5;241m6.0[39m, [38;5;241m4.2[39m, [38;5;241m2.0[39m])   [38;5;66;03m# L/min[39;00m
[0;32m----> 4[0m V_total [38;5;241m=[39m [43mtrapezoid[49m[43m([49m[43m___[49m[43m,[49m[43m [49m[43m___[49m[43m)[49m
[1;32m      6[0m [38;5;28mprint[39m([38;5;124mf[39m[38;5;124m"[39m[38;5;124mTotal volume delivered: [39m[38;5;132;01m{[39;00mV_total[38;5;132;01m:[39;00m[38;5;124m.2f[39m[38;5;132;01m}[39;00m[38;5;124m L[39m[38;5;124m"[39m)

File [0;32m~/miniconda3/envs/chemcomp/lib/python3.10/site-packages/scipy/integrate/_quadrature.py:131[0m, in [0;36mtrapezoid[0;34m(y, x, dx, axis)[0m
[1;32m    129[0m slice1 [38;5;241m=[39m [[38;5;28mslice[39m([38;5;28;01mNone[39;00m)][38;5;241m*[39mnd
[1;32m    130[0m slice2 [38;5;241m=[39m [[38;5;28mslice[39m([38;5;28;01mNone[39;00m)][38;5;241m*[39mnd
[0;32m--> 131[0m [43mslice1[49m[43m[[49m[43maxis[49m[43m][49m [38;5;241m=[39m [38;5;28mslice[39m([38;5;241m1[39m, [38;5;28;01mNone[39;00m)
[1;32m    132[0m slice2[axis] [38;5;241m=[39m [38;5;28mslice[39m([38;5;28;01mNone[39;00m, [38;5;241m-[39m[38;5;241m1[39m)
[1;32m    133[0m [38;5;28;01mif[39;00m x [38;5;129;01mis[39;00m [38;5;28;01mNone[39;00m:

[0;31mIndexError[0m: list assignment index out of range

