Traceback (most recent call last):
  File "/Users/hoon/miniconda3/envs/chemcomp/lib/python3.10/site-packages/jupyter_cache/executors/utils.py", line 58, in single_nb_execution
    executenb(
  File "/Users/hoon/miniconda3/envs/chemcomp/lib/python3.10/site-packages/nbclient/client.py", line 1323, in execute
    return NotebookClient(nb=nb, resources=resources, km=km, **kwargs).execute()
  File "/Users/hoon/miniconda3/envs/chemcomp/lib/python3.10/site-packages/jupyter_core/utils/__init__.py", line 165, in wrapped
    return loop.run_until_complete(inner)
  File "/Users/hoon/miniconda3/envs/chemcomp/lib/python3.10/asyncio/base_events.py", line 649, in run_until_complete
    return future.result()
  File "/Users/hoon/miniconda3/envs/chemcomp/lib/python3.10/site-packages/nbclient/client.py", line 709, in async_execute
    await self.async_execute_cell(
  File "/Users/hoon/miniconda3/envs/chemcomp/lib/python3.10/site-packages/nbclient/client.py", line 1062, in async_execute_cell
    await self._check_raise_for_error(cell, cell_index, exec_reply)
  File "/Users/hoon/miniconda3/envs/chemcomp/lib/python3.10/site-packages/nbclient/client.py", line 918, in _check_raise_for_error
    raise CellExecutionError.from_cell_and_msg(cell, exec_reply_content)
nbclient.exceptions.CellExecutionError: An error occurred while executing the following cell:
------------------
print(f"{'t (s)':>6}  {'C_A (mol/L)':>12}  {'r_A (mol/L·s)':>14}")
print("-" * 38)
for i in range(len(t)):
    print(f"  {t[i]:>4.0f}  {C_A[i]:>12.2f}  {r_A[i]:>14.4f}")

fig, axes = plt.subplots(1, 2, figsize=(11, 4))
axes[0].plot(t, C_A, 'o-', color='steelblue')
axes[0].set_xlabel('Time (s)'); axes[0].set_ylabel('$C_A$ (mol/L)')
axes[0].set_title('Concentration vs. Time')

axes[1].plot(t, r_A, 's-', color='tomato')
axes[1].set_xlabel('Time (s)'); axes[1].set_ylabel('$r_A$ (mol/L·s)')
axes[1].set_title('Reaction Rate vs. Time')
plt.tight_layout(); plt.show()
------------------

----- stdout -----
 t (s)   C_A (mol/L)   r_A (mol/L·s)
--------------------------------------
------------------

[0;31m---------------------------------------------------------------------------[0m
[0;31mNameError[0m                                 Traceback (most recent call last)
Cell [0;32mIn[2], line 4[0m
[1;32m      2[0m [38;5;28mprint[39m([38;5;124m"[39m[38;5;124m-[39m[38;5;124m"[39m [38;5;241m*[39m [38;5;241m38[39m)
[1;32m      3[0m [38;5;28;01mfor[39;00m i [38;5;129;01min[39;00m [38;5;28mrange[39m([38;5;28mlen[39m(t)):
[0;32m----> 4[0m     [38;5;28mprint[39m([38;5;124mf[39m[38;5;124m"[39m[38;5;124m  [39m[38;5;132;01m{[39;00mt[i][38;5;132;01m:[39;00m[38;5;124m>4.0f[39m[38;5;132;01m}[39;00m[38;5;124m  [39m[38;5;132;01m{[39;00mC_A[i][38;5;132;01m:[39;00m[38;5;124m>12.2f[39m[38;5;132;01m}[39;00m[38;5;124m  [39m[38;5;132;01m{[39;00m[43mr_A[49m[i][38;5;132;01m:[39;00m[38;5;124m>14.4f[39m[38;5;132;01m}[39;00m[38;5;124m"[39m)
[1;32m      6[0m fig, axes [38;5;241m=[39m plt[38;5;241m.[39msubplots([38;5;241m1[39m, [38;5;241m2[39m, figsize[38;5;241m=[39m([38;5;241m11[39m, [38;5;241m4[39m))
[1;32m      7[0m axes[[38;5;241m0[39m][38;5;241m.[39mplot(t, C_A, [38;5;124m'[39m[38;5;124mo-[39m[38;5;124m'[39m, color[38;5;241m=[39m[38;5;124m'[39m[38;5;124msteelblue[39m[38;5;124m'[39m)

[0;31mNameError[0m: name 'r_A' is not defined

