Traceback (most recent call last):
  File "/Users/hoon/miniconda3/envs/chemcomp/lib/python3.10/site-packages/jupyter_cache/executors/utils.py", line 58, in single_nb_execution
    executenb(
  File "/Users/hoon/miniconda3/envs/chemcomp/lib/python3.10/site-packages/nbclient/client.py", line 1323, in execute
    return NotebookClient(nb=nb, resources=resources, km=km, **kwargs).execute()
  File "/Users/hoon/miniconda3/envs/chemcomp/lib/python3.10/site-packages/jupyter_core/utils/__init__.py", line 165, in wrapped
    return loop.run_until_complete(inner)
  File "/Users/hoon/miniconda3/envs/chemcomp/lib/python3.10/asyncio/base_events.py", line 649, in run_until_complete
    return future.result()
  File "/Users/hoon/miniconda3/envs/chemcomp/lib/python3.10/site-packages/nbclient/client.py", line 709, in async_execute
    await self.async_execute_cell(
  File "/Users/hoon/miniconda3/envs/chemcomp/lib/python3.10/site-packages/nbclient/client.py", line 1062, in async_execute_cell
    await self._check_raise_for_error(cell, cell_index, exec_reply)
  File "/Users/hoon/miniconda3/envs/chemcomp/lib/python3.10/site-packages/nbclient/client.py", line 918, in _check_raise_for_error
    raise CellExecutionError.from_cell_and_msg(cell, exec_reply_content)
nbclient.exceptions.CellExecutionError: An error occurred while executing the following cell:
------------------
time_list = list(time)
print("Time as list:", time_list)
concentration_list = 5.0 * np.exp(-0.3 * time_list) 
------------------

----- stdout -----
Time as list: [0.0, 0.1010101, 0.2020202, 0.3030303, 0.4040404, 0.50505051, 0.60606061, 0.70707071, 0.80808081, 0.90909091, 1.01010101, 1.11111111, 1.21212121, 1.31313131, 1.41414141, 1.51515152, 1.61616162, 1.71717172, 1.81818182, 1.91919192, 2.02020202, 2.12121212, 2.22222222, 2.32323232, 2.42424242, 2.52525253, 2.62626263, 2.72727273, 2.82828283, 2.92929293, 3.03030303, 3.13131313, 3.23232323, 3.33333333, 3.43434343, 3.53535354, 3.63636364, 3.73737374, 3.83838384, 3.93939394, 4.04040404, 4.14141414, 4.24242424, 4.34343434, 4.44444444, 4.54545455, 4.64646465, 4.74747475, 4.84848485, 4.94949495, 5.05050505, 5.15151515, 5.25252525, 5.35353535, 5.45454545, 5.55555556, 5.65656566, 5.75757576, 5.85858586, 5.95959596, 6.06060606, 6.16161616, 6.26262626, 6.36363636, 6.46464646, 6.56565657, 6.66666667, 6.76767677, 6.86868687, 6.96969697, 7.07070707, 7.17171717, 7.27272727, 7.37373737, 7.47474747, 7.57575758, 7.67676768, 7.77777778, 7.87878788, 7.97979798, 8.08080808, 8.18181818, 8.28282828, 8.38383838, 8.48484848, 8.58585859, 8.68686869, 8.78787879, 8.88888889, 8.98989899, 9.09090909, 9.19191919, 9.29292929, 9.39393939, 9.49494949, 9.5959596, 9.6969697, 9.7979798, 9.8989899, 10.0]
------------------

[0;31m---------------------------------------------------------------------------[0m
[0;31mTypeError[0m                                 Traceback (most recent call last)
Cell [0;32mIn[9], line 3[0m
[1;32m      1[0m time_list [38;5;241m=[39m [38;5;28mlist[39m(time)
[1;32m      2[0m [38;5;28mprint[39m([38;5;124m"[39m[38;5;124mTime as list:[39m[38;5;124m"[39m, time_list)
[0;32m----> 3[0m concentration_list [38;5;241m=[39m [38;5;241m5.0[39m [38;5;241m*[39m np[38;5;241m.[39mexp([38;5;241;43m-[39;49m[38;5;241;43m0.3[39;49m[43m [49m[38;5;241;43m*[39;49m[43m [49m[43mtime_list[49m) 

[0;31mTypeError[0m: can't multiply sequence by non-int of type 'float'

