Traceback (most recent call last):
  File "/Users/hoon/miniconda3/envs/chemcomp/lib/python3.10/site-packages/jupyter_cache/executors/utils.py", line 58, in single_nb_execution
    executenb(
  File "/Users/hoon/miniconda3/envs/chemcomp/lib/python3.10/site-packages/nbclient/client.py", line 1323, in execute
    return NotebookClient(nb=nb, resources=resources, km=km, **kwargs).execute()
  File "/Users/hoon/miniconda3/envs/chemcomp/lib/python3.10/site-packages/jupyter_core/utils/__init__.py", line 165, in wrapped
    return loop.run_until_complete(inner)
  File "/Users/hoon/miniconda3/envs/chemcomp/lib/python3.10/asyncio/base_events.py", line 649, in run_until_complete
    return future.result()
  File "/Users/hoon/miniconda3/envs/chemcomp/lib/python3.10/site-packages/nbclient/client.py", line 709, in async_execute
    await self.async_execute_cell(
  File "/Users/hoon/miniconda3/envs/chemcomp/lib/python3.10/site-packages/nbclient/client.py", line 1062, in async_execute_cell
    await self._check_raise_for_error(cell, cell_index, exec_reply)
  File "/Users/hoon/miniconda3/envs/chemcomp/lib/python3.10/site-packages/nbclient/client.py", line 918, in _check_raise_for_error
    raise CellExecutionError.from_cell_and_msg(cell, exec_reply_content)
nbclient.exceptions.CellExecutionError: An error occurred while executing the following cell:
------------------
P, V, T_s, R_s, a_s, b_s = sp.symbols('P V T R a b', positive=True)

# ── van der Waals pressure ────────────────────────────────────────────────────
P_vdw = R_s*T_s / (V - b_s) - a_s / V**2
print("P(V) =", P_vdw)

# ── dP/dV at constant T (compressibility / spinodal condition) ────────────────
dPdV = sp.diff(P_vdw, V)
dPdV_simplified = sp.simplify(dPdV)
print("\ndP/dV =", dPdV_simplified)

# ── d²P/dV² ──────────────────────────────────────────────────────────────────
d2PdV2 = sp.diff(P_vdw, V, 2)
print("\nd²P/dV² =", sp.simplify(d2PdV2))

# ── Critical point: solve dP/dV = 0 and d²P/dV² = 0 simultaneously ───────────
# Unknowns: Vc, Tc  (treating a, b, R as parameters)
V_c, T_c = sp.symbols('V_c T_c', positive=True)

crit_eq1 = dPdV.subs([(V, V_c), (T_s, T_c)])
crit_eq2 = d2PdV2.subs([(V, V_c), (T_s, T_c)])

crit_sol = sp.solve([crit_eq1, crit_eq2], [V_c, T_c])
print("\nCritical point:")
print("  V_c =", crit_sol[V_c])
print("  T_c =", crit_sol[T_c])

# Critical pressure
P_c = P_vdw.subs([(V, crit_sol[V_c]), (T_s, crit_sol[T_c])])
P_c_simplified = sp.simplify(P_c)
print("  P_c =", P_c_simplified)
------------------

----- stdout -----
P(V) = R*T/(V - b) - a/V**2

dP/dV = -R*T/(V - b)**2 + 2*a/V**3

d²P/dV² = 2*R*T/(V - b)**3 - 6*a/V**4

Critical point:
------------------

[0;31m---------------------------------------------------------------------------[0m
[0;31mTypeError[0m                                 Traceback (most recent call last)
Cell [0;32mIn[9], line 25[0m
[1;32m     23[0m crit_sol [38;5;241m=[39m sp[38;5;241m.[39msolve([crit_eq1, crit_eq2], [V_c, T_c])
[1;32m     24[0m [38;5;28mprint[39m([38;5;124m"[39m[38;5;130;01m\n[39;00m[38;5;124mCritical point:[39m[38;5;124m"[39m)
[0;32m---> 25[0m [38;5;28mprint[39m([38;5;124m"[39m[38;5;124m  V_c =[39m[38;5;124m"[39m, [43mcrit_sol[49m[43m[[49m[43mV_c[49m[43m][49m)
[1;32m     26[0m [38;5;28mprint[39m([38;5;124m"[39m[38;5;124m  T_c =[39m[38;5;124m"[39m, crit_sol[T_c])
[1;32m     28[0m [38;5;66;03m# Critical pressure[39;00m

[0;31mTypeError[0m: list indices must be integers or slices, not Symbol

