Traceback (most recent call last):
  File "/Users/hoon/miniconda3/envs/chemcomp/lib/python3.10/site-packages/jupyter_cache/executors/utils.py", line 58, in single_nb_execution
    executenb(
  File "/Users/hoon/miniconda3/envs/chemcomp/lib/python3.10/site-packages/nbclient/client.py", line 1323, in execute
    return NotebookClient(nb=nb, resources=resources, km=km, **kwargs).execute()
  File "/Users/hoon/miniconda3/envs/chemcomp/lib/python3.10/site-packages/jupyter_core/utils/__init__.py", line 165, in wrapped
    return loop.run_until_complete(inner)
  File "/Users/hoon/miniconda3/envs/chemcomp/lib/python3.10/asyncio/base_events.py", line 649, in run_until_complete
    return future.result()
  File "/Users/hoon/miniconda3/envs/chemcomp/lib/python3.10/site-packages/nbclient/client.py", line 709, in async_execute
    await self.async_execute_cell(
  File "/Users/hoon/miniconda3/envs/chemcomp/lib/python3.10/site-packages/nbclient/client.py", line 1062, in async_execute_cell
    await self._check_raise_for_error(cell, cell_index, exec_reply)
  File "/Users/hoon/miniconda3/envs/chemcomp/lib/python3.10/site-packages/nbclient/client.py", line 918, in _check_raise_for_error
    raise CellExecutionError.from_cell_and_msg(cell, exec_reply_content)
nbclient.exceptions.CellExecutionError: An error occurred while executing the following cell:
------------------
import numpy as np

# TODO: define the arrhenius function
def arrhenius(T, A, Ea, R=8.314):
    """
    Returns the Arrhenius rate constant k = A * exp(-Ea / (R*T)).
    Works for scalar T or a NumPy array of temperatures.
    """
    return  # TODO

# Parameters
A  = 1e8       # pre-exponential factor, min^-1
Ea = 75_000    # activation energy, J/mol

# Task 1: single temperature
k_500 = arrhenius(500, A, Ea)
print(f"k at 500 K : {k_500:.2e}  min^-1")

# Task 2: vectorized over temperature range
T_range = # TODO: 101 points from 300 to 700 K
k_range = # TODO: call arrhenius on the array

# Task 3: ratio
ratio = # TODO: k at 700 K divided by k at 300 K
print(f"k(700)/k(300) : {ratio:.2e}")
------------------


[0;36m  Cell [0;32mIn[1], line 20[0;36m[0m
[0;31m    T_range = # TODO: 101 points from 300 to 700 K[0m
[0m              ^[0m
[0;31mSyntaxError[0m[0;31m:[0m invalid syntax


