Traceback (most recent call last):
  File "/Users/hoon/miniconda3/envs/chemcomp/lib/python3.10/site-packages/jupyter_cache/executors/utils.py", line 58, in single_nb_execution
    executenb(
  File "/Users/hoon/miniconda3/envs/chemcomp/lib/python3.10/site-packages/nbclient/client.py", line 1323, in execute
    return NotebookClient(nb=nb, resources=resources, km=km, **kwargs).execute()
  File "/Users/hoon/miniconda3/envs/chemcomp/lib/python3.10/site-packages/jupyter_core/utils/__init__.py", line 165, in wrapped
    return loop.run_until_complete(inner)
  File "/Users/hoon/miniconda3/envs/chemcomp/lib/python3.10/asyncio/base_events.py", line 649, in run_until_complete
    return future.result()
  File "/Users/hoon/miniconda3/envs/chemcomp/lib/python3.10/site-packages/nbclient/client.py", line 709, in async_execute
    await self.async_execute_cell(
  File "/Users/hoon/miniconda3/envs/chemcomp/lib/python3.10/site-packages/nbclient/client.py", line 1062, in async_execute_cell
    await self._check_raise_for_error(cell, cell_index, exec_reply)
  File "/Users/hoon/miniconda3/envs/chemcomp/lib/python3.10/site-packages/nbclient/client.py", line 918, in _check_raise_for_error
    raise CellExecutionError.from_cell_and_msg(cell, exec_reply_content)
nbclient.exceptions.CellExecutionError: An error occurred while executing the following cell:
------------------
# Solve with brentq using the bracket found above


# Compare to ideal gas: V_ideal = RT/P
V_ideal = R * T / P

print(f"van der Waals molar volume : V = {V_root:.5f} L/mol")
print(f"Ideal gas molar volume     : V = {V_ideal:.5f} L/mol")
print(f"Compressibility factor Z = PV/RT = {P*V_root/(R*T):.4f}  (1.000 = ideal)")
print(f"Residual f(V_root) = {f_vdw(V_root):.2e}")
------------------


[0;31m---------------------------------------------------------------------------[0m
[0;31mNameError[0m                                 Traceback (most recent call last)
Cell [0;32mIn[13], line 7[0m
[1;32m      1[0m [38;5;66;03m# Solve with brentq using the bracket found above[39;00m
[1;32m      2[0m 
[1;32m      3[0m 
[1;32m      4[0m [38;5;66;03m# Compare to ideal gas: V_ideal = RT/P[39;00m
[1;32m      5[0m V_ideal [38;5;241m=[39m R [38;5;241m*[39m T [38;5;241m/[39m P
[0;32m----> 7[0m [38;5;28mprint[39m([38;5;124mf[39m[38;5;124m"[39m[38;5;124mvan der Waals molar volume : V = [39m[38;5;132;01m{[39;00m[43mV_root[49m[38;5;132;01m:[39;00m[38;5;124m.5f[39m[38;5;132;01m}[39;00m[38;5;124m L/mol[39m[38;5;124m"[39m)
[1;32m      8[0m [38;5;28mprint[39m([38;5;124mf[39m[38;5;124m"[39m[38;5;124mIdeal gas molar volume     : V = [39m[38;5;132;01m{[39;00mV_ideal[38;5;132;01m:[39;00m[38;5;124m.5f[39m[38;5;132;01m}[39;00m[38;5;124m L/mol[39m[38;5;124m"[39m)
[1;32m      9[0m [38;5;28mprint[39m([38;5;124mf[39m[38;5;124m"[39m[38;5;124mCompressibility factor Z = PV/RT = [39m[38;5;132;01m{[39;00mP[38;5;241m*[39mV_root[38;5;241m/[39m(R[38;5;241m*[39mT)[38;5;132;01m:[39;00m[38;5;124m.4f[39m[38;5;132;01m}[39;00m[38;5;124m  (1.000 = ideal)[39m[38;5;124m"[39m)

[0;31mNameError[0m: name 'V_root' is not defined

