Traceback (most recent call last):
  File "/Users/hoon/miniconda3/envs/chemcomp/lib/python3.10/site-packages/jupyter_cache/executors/utils.py", line 58, in single_nb_execution
    executenb(
  File "/Users/hoon/miniconda3/envs/chemcomp/lib/python3.10/site-packages/nbclient/client.py", line 1323, in execute
    return NotebookClient(nb=nb, resources=resources, km=km, **kwargs).execute()
  File "/Users/hoon/miniconda3/envs/chemcomp/lib/python3.10/site-packages/jupyter_core/utils/__init__.py", line 165, in wrapped
    return loop.run_until_complete(inner)
  File "/Users/hoon/miniconda3/envs/chemcomp/lib/python3.10/asyncio/base_events.py", line 649, in run_until_complete
    return future.result()
  File "/Users/hoon/miniconda3/envs/chemcomp/lib/python3.10/site-packages/nbclient/client.py", line 709, in async_execute
    await self.async_execute_cell(
  File "/Users/hoon/miniconda3/envs/chemcomp/lib/python3.10/site-packages/nbclient/client.py", line 1062, in async_execute_cell
    await self._check_raise_for_error(cell, cell_index, exec_reply)
  File "/Users/hoon/miniconda3/envs/chemcomp/lib/python3.10/site-packages/nbclient/client.py", line 918, in _check_raise_for_error
    raise CellExecutionError.from_cell_and_msg(cell, exec_reply_content)
nbclient.exceptions.CellExecutionError: An error occurred while executing the following cell:
------------------
import numpy as np
import matplotlib.pyplot as plt
from scipy.optimize import brentq, fsolve

def f(x):
    return ___

x_plot = np.linspace(-1, 3, 300)
fig, ax = plt.subplots(figsize=(6, 4))
ax.plot(___, ___, 'steelblue', linewidth=2)
ax.axhline(0, color='k', linewidth=1)
ax.set_xlabel('x'); ax.set_ylabel('f(x)')
ax.set_title(r'$f(x) = e^x - 3x$')
plt.tight_layout(); plt.show()

root = ___   # f(1) < 0, f(2) > 0

print(f"Root: x* = {root:.6f}")
print(f"f(x*) = {f(root):.2e}")
------------------


[0;31m---------------------------------------------------------------------------[0m
[0;31mValueError[0m                                Traceback (most recent call last)
Cell [0;32mIn[3], line 18[0m
[1;32m     14[0m plt[38;5;241m.[39mtight_layout(); plt[38;5;241m.[39mshow()
[1;32m     16[0m root [38;5;241m=[39m ___   [38;5;66;03m# f(1) < 0, f(2) > 0[39;00m
[0;32m---> 18[0m [38;5;28mprint[39m([38;5;124mf[39m[38;5;124m"[39m[38;5;124mRoot: x* = [39m[38;5;132;01m{[39;00mroot[38;5;132;01m:[39;00m[38;5;124m.6f[39m[38;5;132;01m}[39;00m[38;5;124m"[39m)
[1;32m     19[0m [38;5;28mprint[39m([38;5;124mf[39m[38;5;124m"[39m[38;5;124mf(x*) = [39m[38;5;132;01m{[39;00mf(root)[38;5;132;01m:[39;00m[38;5;124m.2e[39m[38;5;132;01m}[39;00m[38;5;124m"[39m)

[0;31mValueError[0m: Unknown format code 'f' for object of type 'str'

