Traceback (most recent call last):
  File "/Users/hoon/miniconda3/envs/chemcomp/lib/python3.10/site-packages/jupyter_cache/executors/utils.py", line 58, in single_nb_execution
    executenb(
  File "/Users/hoon/miniconda3/envs/chemcomp/lib/python3.10/site-packages/nbclient/client.py", line 1323, in execute
    return NotebookClient(nb=nb, resources=resources, km=km, **kwargs).execute()
  File "/Users/hoon/miniconda3/envs/chemcomp/lib/python3.10/site-packages/jupyter_core/utils/__init__.py", line 165, in wrapped
    return loop.run_until_complete(inner)
  File "/Users/hoon/miniconda3/envs/chemcomp/lib/python3.10/asyncio/base_events.py", line 649, in run_until_complete
    return future.result()
  File "/Users/hoon/miniconda3/envs/chemcomp/lib/python3.10/site-packages/nbclient/client.py", line 709, in async_execute
    await self.async_execute_cell(
  File "/Users/hoon/miniconda3/envs/chemcomp/lib/python3.10/site-packages/nbclient/client.py", line 1062, in async_execute_cell
    await self._check_raise_for_error(cell, cell_index, exec_reply)
  File "/Users/hoon/miniconda3/envs/chemcomp/lib/python3.10/site-packages/nbclient/client.py", line 918, in _check_raise_for_error
    raise CellExecutionError.from_cell_and_msg(cell, exec_reply_content)
nbclient.exceptions.CellExecutionError: An error occurred while executing the following cell:
------------------
#pct_data = [data[col] / mx * 100 for col, mx in zip(problem_cols, problem_max)]

plt.violinplot(scores, positions=range(len(pct_data)))
------------------


[31m---------------------------------------------------------------------------[39m
[31mNameError[39m                                 Traceback (most recent call last)
[36mCell[39m[36m [39m[32mIn[5][39m[32m, line 3[39m
[32m      1[39m [38;5;66;03m#pct_data = [data[col] / mx * 100 for col, mx in zip(problem_cols, problem_max)][39;00m
[32m----> [39m[32m3[39m plt.violinplot(scores, positions=[38;5;28mrange[39m([38;5;28mlen[39m([43mpct_data[49m)))

[31mNameError[39m: name 'pct_data' is not defined

