Traceback (most recent call last):
  File "/Users/hoon/miniconda3/envs/chemcomp/lib/python3.10/site-packages/jupyter_cache/executors/utils.py", line 58, in single_nb_execution
    executenb(
  File "/Users/hoon/miniconda3/envs/chemcomp/lib/python3.10/site-packages/nbclient/client.py", line 1323, in execute
    return NotebookClient(nb=nb, resources=resources, km=km, **kwargs).execute()
  File "/Users/hoon/miniconda3/envs/chemcomp/lib/python3.10/site-packages/jupyter_core/utils/__init__.py", line 165, in wrapped
    return loop.run_until_complete(inner)
  File "/Users/hoon/miniconda3/envs/chemcomp/lib/python3.10/asyncio/base_events.py", line 649, in run_until_complete
    return future.result()
  File "/Users/hoon/miniconda3/envs/chemcomp/lib/python3.10/site-packages/nbclient/client.py", line 709, in async_execute
    await self.async_execute_cell(
  File "/Users/hoon/miniconda3/envs/chemcomp/lib/python3.10/site-packages/nbclient/client.py", line 1062, in async_execute_cell
    await self._check_raise_for_error(cell, cell_index, exec_reply)
  File "/Users/hoon/miniconda3/envs/chemcomp/lib/python3.10/site-packages/nbclient/client.py", line 918, in _check_raise_for_error
    raise CellExecutionError.from_cell_and_msg(cell, exec_reply_content)
nbclient.exceptions.CellExecutionError: An error occurred while executing the following cell:
------------------
n=1 #mol
R=0.08206
a=3.640
b=0.04267
V=1.5


def pressure(n,R,a,b,V,t):
    P=((n*R*t)/(V-(n*b))-((n**2)*a)/V**2
    return pressure
T=[250,300,350,400,500]
with open('vdw_results.txt','w') as f:
    f.write("Pressure results\n")
    for t in T:
        P=pressure(n,R,a,b,V,T)
        if P<10:
            classify="Low"
        if 10<=P<=20:
            classify="Medium"
        if P>20:
            classify="High"
        print(f"{t} {P}  {classify}\n")
          
print(f"{t}K, {P}atm,  {classify}\n")
------------------


[0;36m  Cell [0;32mIn[11], line 9[0;36m[0m
[0;31m    P=((n*R*t)/(V-(n*b))-((n**2)*a)/V**2[0m
[0m      ^[0m
[0;31mSyntaxError[0m[0;31m:[0m '(' was never closed


