Traceback (most recent call last):
  File "/Users/hoon/miniconda3/envs/chemcomp/lib/python3.10/site-packages/jupyter_cache/executors/utils.py", line 58, in single_nb_execution
    executenb(
  File "/Users/hoon/miniconda3/envs/chemcomp/lib/python3.10/site-packages/nbclient/client.py", line 1323, in execute
    return NotebookClient(nb=nb, resources=resources, km=km, **kwargs).execute()
  File "/Users/hoon/miniconda3/envs/chemcomp/lib/python3.10/site-packages/jupyter_core/utils/__init__.py", line 165, in wrapped
    return loop.run_until_complete(inner)
  File "/Users/hoon/miniconda3/envs/chemcomp/lib/python3.10/asyncio/base_events.py", line 649, in run_until_complete
    return future.result()
  File "/Users/hoon/miniconda3/envs/chemcomp/lib/python3.10/site-packages/nbclient/client.py", line 709, in async_execute
    await self.async_execute_cell(
  File "/Users/hoon/miniconda3/envs/chemcomp/lib/python3.10/site-packages/nbclient/client.py", line 1062, in async_execute_cell
    await self._check_raise_for_error(cell, cell_index, exec_reply)
  File "/Users/hoon/miniconda3/envs/chemcomp/lib/python3.10/site-packages/nbclient/client.py", line 918, in _check_raise_for_error
    raise CellExecutionError.from_cell_and_msg(cell, exec_reply_content)
nbclient.exceptions.CellExecutionError: An error occurred while executing the following cell:
------------------
import numpy as np

# (a) 2x2 system: 4x1 - x2 = 7,  2x1 + 3x2 = 1
A_a = 
b_a = 

x_a = 
print("(a) Solution:", x_a)
print("    Verification A @ x =", A_a @ x_a, " (expected b =", b_a, ")")

# (b) 3x3 system
A_b = 
b_b = 

x_b = 
print("\n(b) Solution:", x_b)
print("    Verification A @ x =", np.round(A_b @ x_b, 6), " (expected b =", b_b, ")")

# (c) Singular check
M1 = np.array([[2, 4],
               [1, 2]])
M2 = np.array([[1, 2, 3],
               [0, 1, 4],
               [5, 6, 0]])

# M1
print(f"\n(c) M1: det = {np.linalg.det(M1):.4f}, rank = {np.linalg.matrix_rank(M1)}")

# M2
print(f"    M2: det = {np.linalg.det(M2):.4f}, rank = {np.linalg.matrix_rank(M2)}")

# Written answer: what does a singular matrix mean physically?
# 

------------------


[0;36m  Cell [0;32mIn[3], line 4[0;36m[0m
[0;31m    A_a =[0m
[0m          ^[0m
[0;31mSyntaxError[0m[0;31m:[0m invalid syntax


