Traceback (most recent call last):
  File "/Users/hoon/miniconda3/envs/chemcomp/lib/python3.10/site-packages/jupyter_cache/executors/utils.py", line 58, in single_nb_execution
    executenb(
  File "/Users/hoon/miniconda3/envs/chemcomp/lib/python3.10/site-packages/nbclient/client.py", line 1323, in execute
    return NotebookClient(nb=nb, resources=resources, km=km, **kwargs).execute()
  File "/Users/hoon/miniconda3/envs/chemcomp/lib/python3.10/site-packages/jupyter_core/utils/__init__.py", line 165, in wrapped
    return loop.run_until_complete(inner)
  File "/Users/hoon/miniconda3/envs/chemcomp/lib/python3.10/asyncio/base_events.py", line 649, in run_until_complete
    return future.result()
  File "/Users/hoon/miniconda3/envs/chemcomp/lib/python3.10/site-packages/nbclient/client.py", line 709, in async_execute
    await self.async_execute_cell(
  File "/Users/hoon/miniconda3/envs/chemcomp/lib/python3.10/site-packages/nbclient/client.py", line 1062, in async_execute_cell
    await self._check_raise_for_error(cell, cell_index, exec_reply)
  File "/Users/hoon/miniconda3/envs/chemcomp/lib/python3.10/site-packages/nbclient/client.py", line 918, in _check_raise_for_error
    raise CellExecutionError.from_cell_and_msg(cell, exec_reply_content)
nbclient.exceptions.CellExecutionError: An error occurred while executing the following cell:
------------------
import numpy as np

X = np.array([78.2, 81.5, 76.9, 83.1, 79.4, 80.7, 77.8, 82.3])

mean   = ___                          # mean
median = ___                          # median
std    = ___                          # sample std dev (ddof=1)
iqr    = ___ - ___                    # Q3 - Q1 (use np.percentile)

print(f"Mean   = {mean:.2f} %")
print(f"Median = {median:.2f} %")
print(f"Std    = {std:.2f} %")
print(f"IQR    = {iqr:.2f} %")

if abs(mean - median) < 1.0:
    print("Mean and median are close — distribution is roughly symmetric.")
else:
    print("Mean and median differ — distribution may be skewed.")
------------------


[0;31m---------------------------------------------------------------------------[0m
[0;31mTypeError[0m                                 Traceback (most recent call last)
Cell [0;32mIn[4], line 8[0m
[1;32m      6[0m median [38;5;241m=[39m ___                          [38;5;66;03m# median[39;00m
[1;32m      7[0m std    [38;5;241m=[39m ___                          [38;5;66;03m# sample std dev (ddof=1)[39;00m
[0;32m----> 8[0m iqr    [38;5;241m=[39m [43m___[49m[43m [49m[38;5;241;43m-[39;49m[43m [49m[43m___[49m                    [38;5;66;03m# Q3 - Q1 (use np.percentile)[39;00m
[1;32m     10[0m [38;5;28mprint[39m([38;5;124mf[39m[38;5;124m"[39m[38;5;124mMean   = [39m[38;5;132;01m{[39;00mmean[38;5;132;01m:[39;00m[38;5;124m.2f[39m[38;5;132;01m}[39;00m[38;5;124m %[39m[38;5;124m"[39m)
[1;32m     11[0m [38;5;28mprint[39m([38;5;124mf[39m[38;5;124m"[39m[38;5;124mMedian = [39m[38;5;132;01m{[39;00mmedian[38;5;132;01m:[39;00m[38;5;124m.2f[39m[38;5;132;01m}[39;00m[38;5;124m %[39m[38;5;124m"[39m)

[0;31mTypeError[0m: unsupported operand type(s) for -: 'str' and 'str'

