Traceback (most recent call last):
  File "/Users/hoon/miniconda3/envs/chemcomp/lib/python3.10/site-packages/jupyter_cache/executors/utils.py", line 58, in single_nb_execution
    executenb(
  File "/Users/hoon/miniconda3/envs/chemcomp/lib/python3.10/site-packages/nbclient/client.py", line 1323, in execute
    return NotebookClient(nb=nb, resources=resources, km=km, **kwargs).execute()
  File "/Users/hoon/miniconda3/envs/chemcomp/lib/python3.10/site-packages/jupyter_core/utils/__init__.py", line 165, in wrapped
    return loop.run_until_complete(inner)
  File "/Users/hoon/miniconda3/envs/chemcomp/lib/python3.10/asyncio/base_events.py", line 649, in run_until_complete
    return future.result()
  File "/Users/hoon/miniconda3/envs/chemcomp/lib/python3.10/site-packages/nbclient/client.py", line 709, in async_execute
    await self.async_execute_cell(
  File "/Users/hoon/miniconda3/envs/chemcomp/lib/python3.10/site-packages/nbclient/client.py", line 1062, in async_execute_cell
    await self._check_raise_for_error(cell, cell_index, exec_reply)
  File "/Users/hoon/miniconda3/envs/chemcomp/lib/python3.10/site-packages/nbclient/client.py", line 918, in _check_raise_for_error
    raise CellExecutionError.from_cell_and_msg(cell, exec_reply_content)
nbclient.exceptions.CellExecutionError: An error occurred while executing the following cell:
------------------
def ideal_gas_pressure(n, T, V):
    """
    Calculate pressure using ideal gas law: P = nRT/V
    
    Parameters
    ----------
    n : float
        Amount of gas (mol)
    T : float
        Temperature (K)
    V : float
        Volume (m³)
    
    Returns
    -------
    float
        Pressure (Pa)
    """
    R = 8.314  # J/(mol·K)
    P = (n * R * T) / V
    return P

# Test with known result: 1 mol at STP should give ~101325 Pa
def test_ideal_gas_pressure():
    # Test 1: Known textbook example
    P1 = ideal_gas_pressure(n=50.0, T=373.15, V=0.5)
    print(f"Calculated Pressure: {P1:.2f} Pa")
    assert abs(P1 - 31097.41) < 1.0, "Test 1 failed"

    # Test 2: Room temperature gas
    P2 = ideal_gas_pressure(n=1.0, T=298.15, V=1.0)
    print(f"Calculated Pressure: {P2:.2f} Pa")
    assert abs(P2 - 2478.9) < 1.0, "Test 2 failed"

    # Test 3: Scaling check (double moles → double pressure)
    P3 = ideal_gas_pressure(n=2.0, T=300.0, V=1.0)
    P4 = ideal_gas_pressure(n=1.0, T=300.0, V=1.0)
    assert abs(P3 - 2 * P4) < 1e-6, "Test 3 failed"

    print("All ideal gas law tests passed!")


# Run tests
test_ideal_gas_pressure()
------------------

----- stdout -----
Calculated Pressure: 310236.91 Pa
------------------

[0;31m---------------------------------------------------------------------------[0m
[0;31mAssertionError[0m                            Traceback (most recent call last)
Cell [0;32mIn[4], line 44[0m
[1;32m     40[0m     [38;5;28mprint[39m([38;5;124m"[39m[38;5;124mAll ideal gas law tests passed![39m[38;5;124m"[39m)
[1;32m     43[0m [38;5;66;03m# Run tests[39;00m
[0;32m---> 44[0m [43mtest_ideal_gas_pressure[49m[43m([49m[43m)[49m

Cell [0;32mIn[4], line 28[0m, in [0;36mtest_ideal_gas_pressure[0;34m()[0m
[1;32m     26[0m P1 [38;5;241m=[39m ideal_gas_pressure(n[38;5;241m=[39m[38;5;241m50.0[39m, T[38;5;241m=[39m[38;5;241m373.15[39m, V[38;5;241m=[39m[38;5;241m0.5[39m)
[1;32m     27[0m [38;5;28mprint[39m([38;5;124mf[39m[38;5;124m"[39m[38;5;124mCalculated Pressure: [39m[38;5;132;01m{[39;00mP1[38;5;132;01m:[39;00m[38;5;124m.2f[39m[38;5;132;01m}[39;00m[38;5;124m Pa[39m[38;5;124m"[39m)
[0;32m---> 28[0m [38;5;28;01massert[39;00m [38;5;28mabs[39m(P1 [38;5;241m-[39m [38;5;241m31097.41[39m) [38;5;241m<[39m [38;5;241m1.0[39m, [38;5;124m"[39m[38;5;124mTest 1 failed[39m[38;5;124m"[39m
[1;32m     30[0m [38;5;66;03m# Test 2: Room temperature gas[39;00m
[1;32m     31[0m P2 [38;5;241m=[39m ideal_gas_pressure(n[38;5;241m=[39m[38;5;241m1.0[39m, T[38;5;241m=[39m[38;5;241m298.15[39m, V[38;5;241m=[39m[38;5;241m1.0[39m)

[0;31mAssertionError[0m: Test 1 failed

